[debug] [2026-02-09T06:16:16.705Z] ----------------------------------------------------------------------
[debug] [2026-02-09T06:16:16.707Z] Command:       C:\nvm4w\nodejs\node.exe C:\nvm4w\nodejs\node_modules\firebase-tools\lib\bin\firebase.js init
[debug] [2026-02-09T06:16:16.707Z] CLI Version:   15.5.1
[debug] [2026-02-09T06:16:16.708Z] Platform:      win32
[debug] [2026-02-09T06:16:16.708Z] Node Version:  v22.20.0
[debug] [2026-02-09T06:16:16.708Z] Time:          Mon Feb 09 2026 14:16:16 GMT+0800 (Taiwan Standard Time)
[debug] [2026-02-09T06:16:16.708Z] ----------------------------------------------------------------------
[debug] 
[info] 
     ######## #### ########  ######## ########     ###     ######  ########
     ##        ##  ##     ## ##       ##     ##  ##   ##  ##       ##
     ######    ##  ########  ######   ########  #########  ######  ######
     ##        ##  ##    ##  ##       ##     ## ##     ##       ## ##
     ##       #### ##     ## ######## ########  ##     ##  ######  ########

You're about to initialize a Firebase project in this directory:

  E:\Project\OKEJOB\Kimi_Agent_Elorae ERP Access\elorae-erp

[debug] [2026-02-09T06:18:58.006Z] ExitPromptError: User force closed the prompt with SIGINT
    at Interface.sigint (C:\Users\MSI-PC\AppData\Local\nvm\v22.20.0\node_modules\firebase-tools\node_modules\@inquirer\core\dist\commonjs\lib\create-prompt.js:101:37)
    at Interface.emit (node:events:519:28)
    at [_ttyWrite] [as _ttyWrite] (node:internal/readline/interface:1128:18)
    at ReadStream.onkeypress (node:internal/readline/interface:271:20)
    at ReadStream.emit (node:events:531:35)
    at emitKeys (node:internal/readline/utils:370:14)
    at emitKeys.next (<anonymous>)
    at ReadStream.onData (node:internal/readline/emitKeypressEvents:64:36)
    at ReadStream.emit (node:events:519:28)
    at addChunk (node:internal/streams/readable:561:12)
[error] 
[error] Error: An unexpected error has occurred.
